<?xml version="1.0" encoding="UTF-8"?>
<!-- Generated by org.testng.reporters.JUnitXMLReporter -->
<testsuite hostname="Saravanas-Air" ignored="0" name="Free CRM Application Test" tests="12" failures="0" timestamp="07 Oct 2018 05:50:36 GMT" time="198.483" errors="0">
  <testcase name="loginPageTitleTest" time="0.039" classname="com.crm.qa.testcases.LoginPageTest"/>
  <testcase name="verifyHomePageTest" time="0.01" classname="com.crm.qa.testcases.HomePageTest"/>
  <testcase name="verifyContactsPageLabelTest" time="0.042" classname="com.crm.qa.testcases.ContactsPageTest"/>
  <testcase name="crmLogoImageTest" time="0.04" classname="com.crm.qa.testcases.LoginPageTest"/>
  <testcase name="verifyUserNameTest" time="0.074" classname="com.crm.qa.testcases.HomePageTest"/>
  <testcase name="selectContactTest" time="0.141" classname="com.crm.qa.testcases.ContactsPageTest"/>
  <testcase name="loginTest" time="8.657" classname="com.crm.qa.testcases.LoginPageTest"/>
  <testcase name="verifyContactsLinkTest" time="1.467" classname="com.crm.qa.testcases.HomePageTest"/>
  <testcase name="selectMultipleContactsTest" time="0.262" classname="com.crm.qa.testcases.ContactsPageTest"/>
  <testcase name="validateCreateNewContact" time="5.299" classname="com.crm.qa.testcases.ContactsPageTest"/>
  <testcase name="validateCreateNewContact" time="4.893" classname="com.crm.qa.testcases.ContactsPageTest"/>
  <testcase name="validateCreateNewContact" time="5.239" classname="com.crm.qa.testcases.ContactsPageTest"/>
</testsuite> <!-- Free CRM Application Test -->
